app/build/intermediates/manifest_merge_blame_file/debug/manifest-merger-blame-debug-report.txt
1<?xml version="1.0" encoding="utf-8"?>
2<manifest xmlns:android="http://schemas.android.com/apk/res/android"
3    package="com.example.apptest"
4    android:versionCode="1"
5    android:versionName="1.0" >
6
7    <uses-sdk
8        android:minSdkVersion="23"
8-->src\main\AndroidManifest.xml
9        android:targetSdkVersion="30" />
9-->src\main\AndroidManifest.xml
10
11    <uses-permission android:name="android.permission.RECORD_AUDIO" />
11-->src\main\AndroidManifest.xml:5:5-71
11-->src\main\AndroidManifest.xml:5:22-68
12    <uses-permission android:name="android.permission.INTERNET" />
12-->src\main\AndroidManifest.xml:6:5-67
12-->src\main\AndroidManifest.xml:6:22-64
13    <uses-permission android:name="android.permission.READ_EXTERNAL_STORAGE" />
13-->src\main\AndroidManifest.xml:7:5-79
13-->src\main\AndroidManifest.xml:7:22-77
14
15    <application
15-->src\main\AndroidManifest.xml:9:5-48:19
16        android:allowBackup="true"
16-->src\main\AndroidManifest.xml:10:9-35
17        android:appComponentFactory="androidx.core.app.CoreComponentFactory"
17-->[androidx.core:core:1.3.1] AndroidManifest.xml:24:18-86
18        android:debuggable="true"
19        android:extractNativeLibs="false"
20        android:icon="@drawable/ic_launcher"
20-->src\main\AndroidManifest.xml:11:9-45
21        android:label="Synapse"
21-->src\main\AndroidManifest.xml:12:9-32
22        android:requestLegacyExternalStorage="true"
22-->src\main\AndroidManifest.xml:13:9-52
23        android:roundIcon="@mipmap/ic_launcher_round"
23-->src\main\AndroidManifest.xml:14:9-54
24        android:supportsRtl="true"
24-->src\main\AndroidManifest.xml:15:9-35
25        android:theme="@style/Theme.AppTest" >
25-->src\main\AndroidManifest.xml:16:9-45
26        <activity
26-->src\main\AndroidManifest.xml:17:9-19:56
27            android:name="com.example.AppTest.activities.createNote"
27-->src\main\AndroidManifest.xml:17:19-56
28            android:screenOrientation="portrait"
28-->src\main\AndroidManifest.xml:18:13-49
29            android:windowSoftInputMode="stateHidden" />
29-->src\main\AndroidManifest.xml:19:13-54
30        <activity
30-->src\main\AndroidManifest.xml:20:9-22:56
31            android:name="com.example.AppTest.activities.notesMain"
31-->src\main\AndroidManifest.xml:20:19-55
32            android:screenOrientation="portrait"
32-->src\main\AndroidManifest.xml:21:13-49
33            android:windowSoftInputMode="stateHidden" />
33-->src\main\AndroidManifest.xml:22:13-54
34        <activity android:name="com.example.AppTest.dashboard" /> <!-- <activity android:name=".cowinInfo" /> -->
34-->src\main\AndroidManifest.xml:23:9-47
34-->src\main\AndroidManifest.xml:23:19-44
35        <activity
35-->src\main\AndroidManifest.xml:24:9-27:64
36            android:name="com.example.AppTest.cowinActivity"
36-->src\main\AndroidManifest.xml:25:13-42
37            android:label="@string/title_activity_cowin"
37-->src\main\AndroidManifest.xml:26:13-57
38            android:theme="@style/Theme.AppTest.NoActionBar" />
38-->src\main\AndroidManifest.xml:27:13-61
39        <activity
39-->src\main\AndroidManifest.xml:28:9-31:64
40            android:name="com.example.AppTest.navActivity"
40-->src\main\AndroidManifest.xml:29:13-40
41            android:label="@string/title_activity_nav"
41-->src\main\AndroidManifest.xml:30:13-55
42            android:theme="@style/Theme.AppTest.NoActionBar" />
42-->src\main\AndroidManifest.xml:31:13-61
43        <activity
43-->src\main\AndroidManifest.xml:32:9-35:64
44            android:name="com.example.AppTest.cfActivity"
44-->src\main\AndroidManifest.xml:33:13-39
45            android:label="@string/title_activity_cf"
45-->src\main\AndroidManifest.xml:34:13-54
46            android:theme="@style/Theme.AppTest.NoActionBar" />
46-->src\main\AndroidManifest.xml:35:13-61
47        <activity android:name="com.example.AppTest.SplashActivity" /> <!-- <activity android:name=".SplashAct"></activity> -->
47-->src\main\AndroidManifest.xml:36:9-52
47-->src\main\AndroidManifest.xml:36:19-49
48        <activity android:name="com.example.AppTest.MainActivity" >
48-->src\main\AndroidManifest.xml:37:9-43:20
48-->src\main\AndroidManifest.xml:37:19-47
49            <intent-filter>
49-->src\main\AndroidManifest.xml:38:13-42:29
50                <action android:name="android.intent.action.MAIN" />
50-->src\main\AndroidManifest.xml:39:17-69
50-->src\main\AndroidManifest.xml:39:25-66
51
52                <category android:name="android.intent.category.LAUNCHER" />
52-->src\main\AndroidManifest.xml:41:17-77
52-->src\main\AndroidManifest.xml:41:27-74
53            </intent-filter>
54        </activity>
55
56        <meta-data
56-->src\main\AndroidManifest.xml:45:9-47:57
57            android:name="preloaded_fonts"
57-->src\main\AndroidManifest.xml:46:13-43
58            android:resource="@array/preloaded_fonts" />
58-->src\main\AndroidManifest.xml:47:13-54
59
60        <service
60-->[androidx.room:room-runtime:2.2.5] AndroidManifest.xml:25:9-28:40
61            android:name="androidx.room.MultiInstanceInvalidationService"
61-->[androidx.room:room-runtime:2.2.5] AndroidManifest.xml:26:13-74
62            android:directBootAware="true"
62-->[androidx.room:room-runtime:2.2.5] AndroidManifest.xml:27:13-43
63            android:exported="false" />
63-->[androidx.room:room-runtime:2.2.5] AndroidManifest.xml:28:13-37
64    </application>
65
66</manifest>